<?xml version="1.0" encoding="UTF-8"?>
<testng-results ignored="0" total="1" passed="1" failed="0" skipped="0">
  <reporter-output>
  </reporter-output>
  <suite started-at="2024-05-08T18:56:30 IST" name="Default suite" finished-at="2024-05-08T18:56:54 IST" duration-ms="24348">
    <groups>
    </groups>
    <test started-at="2024-05-08T18:56:30 IST" name="Default test" finished-at="2024-05-08T18:56:54 IST" duration-ms="24348">
      <class name="com.swaglab.test.TC_004">
        <test-method is-config="true" signature="browserSetup()[pri:0, instance:com.swaglab.test.TC_004@26d9b808]" started-at="2024-05-08T18:56:30 IST" name="browserSetup" finished-at="2024-05-08T18:56:37 IST" duration-ms="7742" status="PASS">
          <reporter-output>
          </reporter-output>
        </test-method> <!-- browserSetup -->
        <test-method signature="tc_004()[pri:0, instance:com.swaglab.test.TC_004@26d9b808]" started-at="2024-05-08T18:56:37 IST" name="tc_004" description="Verify that multiple product can be addded into shopping cart" finished-at="2024-05-08T18:56:54 IST" duration-ms="16473" status="PASS">
          <reporter-output>
          </reporter-output>
        </test-method> <!-- tc_004 -->
        <test-method is-config="true" signature="browserTearUp()[pri:0, instance:com.swaglab.test.TC_004@26d9b808]" started-at="2024-05-08T18:56:54 IST" name="browserTearUp" finished-at="2024-05-08T18:56:54 IST" duration-ms="2" status="PASS">
          <reporter-output>
          </reporter-output>
        </test-method> <!-- browserTearUp -->
      </class> <!-- com.swaglab.test.TC_004 -->
    </test> <!-- Default test -->
  </suite> <!-- Default suite -->
</testng-results>
